# JRE version: Java(TM) SE Runtime Environment 18.9 (11.0.14+8) (build 11.0.14+8-LTS-263)
# Java VM: Java HotSpot(TM) 64-Bit Server VM 18.9 (11.0.14+8-LTS-263, mixed mode, tiered, compressed oops, g1 gc, windows-amd64)
Heap:
 garbage-first heap   total 57344K, used 30901K [0x00000000c8e00000, 0x0000000100000000)
  region size 1024K, 8 young (8192K), 1 survivors (1024K)
 Metaspace       used 55244K, capacity 57026K, committed 57216K, reserved 1099776K
  class space    used 7073K, capacity 7803K, committed 7808K, reserved 1048576K
GC Heap History (10 events):
Event: 8.220 GC heap before
{Heap before GC invocations=14 (full 0):
 garbage-first heap   total 57344K, used 45102K [0x00000000c8e00000, 0x0000000100000000)
  region size 1024K, 29 young (29696K), 3 survivors (3072K)
 Metaspace       used 44834K, capacity 46348K, committed 46464K, reserved 1089536K
  class space    used 5837K, capacity 6458K, committed 6528K, reserved 1048576K
}
Event: 8.225 GC heap after
{Heap after GC invocations=15 (full 0):
 garbage-first heap   total 57344K, used 20557K [0x00000000c8e00000, 0x0000000100000000)
  region size 1024K, 4 young (4096K), 4 survivors (4096K)
 Metaspace       used 44834K, capacity 46348K, committed 46464K, reserved 1089536K
  class space    used 5837K, capacity 6458K, committed 6528K, reserved 1048576K
}
Event: 58.606 GC heap before
{Heap before GC invocations=15 (full 0):
 garbage-first heap   total 57344K, used 45133K [0x00000000c8e00000, 0x0000000100000000)
  region size 1024K, 28 young (28672K), 4 survivors (4096K)
 Metaspace       used 48307K, capacity 49908K, committed 50048K, reserved 1091584K
  class space    used 6254K, capacity 6922K, committed 7040K, reserved 1048576K
}
Event: 58.633 GC heap after
{Heap after GC invocations=16 (full 0):
 garbage-first heap   total 57344K, used 21748K [0x00000000c8e00000, 0x0000000100000000)
  region size 1024K, 2 young (2048K), 2 survivors (2048K)
 Metaspace       used 48307K, capacity 49908K, committed 50048K, reserved 1091584K
  class space    used 6254K, capacity 6922K, committed 7040K, reserved 1048576K
}
Event: 59.734 GC heap before
{Heap before GC invocations=16 (full 0):
 garbage-first heap   total 57344K, used 44276K [0x00000000c8e00000, 0x0000000100000000)
  region size 1024K, 25 young (25600K), 2 survivors (2048K)
 Metaspace       used 54197K, capacity 55885K, committed 56064K, reserved 1097728K
  class space    used 6948K, capacity 7665K, committed 7680K, reserved 1048576K
}
Event: 59.740 GC heap after
{Heap after GC invocations=17 (full 0):
 garbage-first heap   total 57344K, used 23951K [0x00000000c8e00000, 0x0000000100000000)
  region size 1024K, 4 young (4096K), 4 survivors (4096K)
 Metaspace       used 54197K, capacity 55885K, committed 56064K, reserved 1097728K
  class space    used 6948K, capacity 7665K, committed 7680K, reserved 1048576K
}
Event: 60.298 GC heap before
{Heap before GC invocations=17 (full 0):
 garbage-first heap   total 57344K, used 44431K [0x00000000c8e00000, 0x0000000100000000)
  region size 1024K, 25 young (25600K), 4 survivors (4096K)
 Metaspace       used 55086K, capacity 56786K, committed 56960K, reserved 1097728K
  class space    used 7042K, capacity 7745K, committed 7808K, reserved 1048576K
}
Event: 60.337 GC heap after
{Heap after GC invocations=18 (full 0):
 garbage-first heap   total 57344K, used 24718K [0x00000000c8e00000, 0x0000000100000000)
  region size 1024K, 1 young (1024K), 1 survivors (1024K)
 Metaspace       used 55086K, capacity 56786K, committed 56960K, reserved 1097728K
  class space    used 7042K, capacity 7745K, committed 7808K, reserved 1048576K
}
Event: 143.005 GC heap before
{Heap before GC invocations=18 (full 0):
 garbage-first heap   total 57344K, used 45198K [0x00000000c8e00000, 0x0000000100000000)
  region size 1024K, 21 young (21504K), 1 survivors (1024K)
 Metaspace       used 55104K, capacity 56810K, committed 56960K, reserved 1097728K
  class space    used 7046K, capacity 7752K, committed 7808K, reserved 1048576K
}
Event: 143.286 GC heap after
{Heap after GC invocations=19 (full 0):
 garbage-first heap   total 57344K, used 24757K [0x00000000c8e00000, 0x0000000100000000)
  region size 1024K, 1 young (1024K), 1 survivors (1024K)
 Metaspace       used 55104K, capacity 56810K, committed 56960K, reserved 1097728K
  class space    used 7046K, capacity 7752K, committed 7808K, reserved 1048576K
}

